<?xml version="1.0" encoding="UTF-8"?>
<!-- Generated by org.testng.reporters.JUnitReportReporter -->
<testsuite hostname="DESKTOP-3HIQELK" failures="0" tests="1" name="tests.GoogleTest" time="11.075" errors="0" timestamp="2024-09-25T22:30:15 IST" skipped="0">
  <testcase classname="tests.GoogleTest" name="f" time="11.075"/>
  <system-out/>
</testsuite> <!-- tests.GoogleTest -->
